Arguments: 
  C:\Program Files\nodejs\node.exe C:\Users\FRANCOIS\AppData\Roaming\npm\node_modules\yarn\bin\yarn.js add react-native-line-separator

PATH: 
  C:\Python310\Scripts\;C:\Python310\;C:\Program Files (x86)\Common Files\Oracle\Java\javapath;C:\WINDOWS\system32;C:\WINDOWS;C:\WINDOWS\System32\Wbem;C:\WINDOWS\System32\WindowsPowerShell\v1.0\;C:\Program Files (x86)\Windows Live\Shared;C:\Program Files (x86)\GtkSharp\2.12\bin;C:\WINDOWS\System32\OpenSSH\;C:\Program Files (x86)\PuTTY\;C:\Program Files\dotnet\;C:\Program Files (x86)\dotnet\;C:\Program Files\Git\cmd;C:\ProgramData\chocolatey\bin;C:\wamp64\bin\php\php8.1.10;C:\composer;C:\Program Files\nodejs\;C:\Users\FRANCOIS\scoop\shims;C:\Users\FRANCOIS\AppData\Local\Microsoft\WindowsApps;C:\Users\FRANCOIS\.dotnet\tools;C:\Users\FRANCOIS\AppData\Local\Programs\Microsoft VS Code\bin;C:\Users\FRANCOIS\AppData\Roaming\Composer\vendor\bin;C:\composer;C:\wamp64\bin\php\php8.1.0;C:\Users\FRANCOIS\AppData\Roaming\npm;C:\Users\FRANCOIS\AppData\Local\GitHubDesktop\bin

Yarn version: 
  1.22.19

Node version: 
  18.12.1

Platform: 
  win32 x64

Trace: 
  Error: https://registry.yarnpkg.com/react-native-line-separator: Not found
      at params.callback [as _callback] (C:\Users\FRANCOIS\AppData\Roaming\npm\node_modules\yarn\lib\cli.js:66145:18)
      at self.callback (C:\Users\FRANCOIS\AppData\Roaming\npm\node_modules\yarn\lib\cli.js:140890:22)
      at Request.emit (node:events:513:28)
      at Request.<anonymous> (C:\Users\FRANCOIS\AppData\Roaming\npm\node_modules\yarn\lib\cli.js:141862:10)
      at Request.emit (node:events:513:28)
      at IncomingMessage.<anonymous> (C:\Users\FRANCOIS\AppData\Roaming\npm\node_modules\yarn\lib\cli.js:141784:12)
      at Object.onceWrapper (node:events:627:28)
      at IncomingMessage.emit (node:events:525:35)
      at endReadableNT (node:internal/streams/readable:1359:12)
      at process.processTicksAndRejections (node:internal/process/task_queues:82:21)

npm manifest: 
  {
    "name": "akibatown",
    "version": "1.0.0",
    "main": "node_modules/expo/AppEntry.js",
    "scripts": {
      "start": "expo start",
      "android": "expo start --android",
      "ios": "expo start --ios",
      "web": "expo start --web",
      "test": "jest --watchAll"
    },
    "jest": {
      "preset": "jest-expo"
    },
    "dependencies": {
      "@expo/vector-icons": "^13.0.0",
      "@react-native-async-storage/async-storage": "^1.17.11",
      "@react-native-picker/picker": "^2.4.8",
      "@react-navigation/bottom-tabs": "^6.0.5",
      "@react-navigation/native": "^6.0.2",
      "@react-navigation/native-stack": "^6.1.0",
      "axios": "^1.2.2",
      "cors": "^2.8.5",
      "events": "^3.3.0",
      "expo": "~47.0.9",
      "expo-asset": "~8.7.0",
      "expo-constants": "~14.0.2",
      "expo-font": "~11.0.1",
      "expo-linear-gradient": "~12.0.1",
      "expo-linking": "~3.3.0",
      "expo-splash-screen": "~0.17.5",
      "expo-status-bar": "~1.4.2",
      "expo-system-ui": "~2.0.1",
      "expo-web-browser": "~12.0.0",
      "express": "^4.18.2",
      "http-module": "^0.0.5",
      "mysql2": "^2.3.3",
      "node": "^16.13.2",
      "prop-types": "^15.8.1",
      "react": "18.1.0",
      "react-dom": "18.1.0",
      "react-native": "0.70.5",
      "react-native-animatable": "^1.3.3",
      "react-native-dropdown-select-list": "^2.0.4",
      "react-native-linear-gradient": "^2.6.2",
      "react-native-safe-area-context": "4.4.1",
      "react-native-screens": "~3.18.0",
      "sequelize": "^6.28.0",
      "sequelize-router": "^1.0.6",
      "react-native-select-dropdown": "^3.2.1",
      "react-native-web": "~0.18.9",
      "react-navigation-stack": "^2.10.4"
    },
    "devDependencies": {
      "@babel/core": "^7.12.9",
      "@types/react": "~18.0.24",
      "@types/react-native": "~0.70.6",
      "jest": "^26.6.3",
      "jest-expo": "~47.0.1",
      "react-test-renderer": "18.1.0",
      "sequelize-cli": "^6.5.2",
      "typescript": "^4.6.3"
    },
    "private": true
  }

yarn manifest: 
  No manifest

Lockfile: 
  No lockfile
